c:\dev\quadtreesandbox\bin\quadtree\quadtree.dir\debug\vc143.pdb
c:\dev\quadtreesandbox\bin\quadtree\quadtree.dir\debug\quadtree.obj
c:\dev\quadtreesandbox\bin\quadtree\quadtree.dir\debug\objects.obj
c:\dev\quadtreesandbox\bin\quadtree\cmakefiles\generate.stamp
c:\dev\quadtreesandbox\bin\quadtree\quadtree.dir\debug\quadtree.ilk
c:\dev\quadtreesandbox\bin\quadtree\debug\quadtree.dll
c:\dev\quadtreesandbox\bin\quadtree\debug\quadtree.pdb
c:\dev\quadtreesandbox\bin\quadtree\debug\quadtree.lib
c:\dev\quadtreesandbox\bin\quadtree\debug\quadtree.exp
c:\dev\quadtreesandbox\bin\quadtree\quadtree.dir\debug\d-hello.obj
c:\dev\quadtreesandbox\bin\quadtree\quadtree.dir\debug\quadtree.tlog\cl.command.1.tlog
c:\dev\quadtreesandbox\bin\quadtree\quadtree.dir\debug\quadtree.tlog\cl.read.1.tlog
c:\dev\quadtreesandbox\bin\quadtree\quadtree.dir\debug\quadtree.tlog\cl.write.1.tlog
c:\dev\quadtreesandbox\bin\quadtree\quadtree.dir\debug\quadtree.tlog\custombuild.command.1.tlog
c:\dev\quadtreesandbox\bin\quadtree\quadtree.dir\debug\quadtree.tlog\custombuild.read.1.tlog
c:\dev\quadtreesandbox\bin\quadtree\quadtree.dir\debug\quadtree.tlog\custombuild.write.1.tlog
c:\dev\quadtreesandbox\bin\quadtree\quadtree.dir\debug\quadtree.tlog\link.command.1.tlog
c:\dev\quadtreesandbox\bin\quadtree\quadtree.dir\debug\quadtree.tlog\link.read.1.tlog
c:\dev\quadtreesandbox\bin\quadtree\quadtree.dir\debug\quadtree.tlog\link.write.1.tlog
c:\dev\quadtreesandbox\bin\quadtree\quadtree.dir\debug\quadtree.tlog\quadtree.write.1u.tlog
